c:\users\qriga\documents\github\fractalengine\x64\debug\vc143.pdb
c:\users\qriga\documents\github\fractalengine\x64\debug\vc143.idb
c:\users\qriga\documents\github\fractalengine\x64\debug\window.obj
c:\users\qriga\documents\github\fractalengine\x64\debug\textloader.obj
c:\users\qriga\documents\github\fractalengine\x64\debug\synctracker.obj
c:\users\qriga\documents\github\fractalengine\x64\debug\soundtrack.obj
c:\users\qriga\documents\github\fractalengine\x64\debug\renderer.obj
c:\users\qriga\documents\github\fractalengine\x64\debug\main.obj
c:\users\qriga\documents\github\fractalengine\x64\debug\texteditor.obj
c:\users\qriga\documents\github\fractalengine\x64\debug\imgui_widgets.obj
c:\users\qriga\documents\github\fractalengine\x64\debug\imgui_tables.obj
c:\users\qriga\documents\github\fractalengine\x64\debug\imgui_impl_opengl3.obj
c:\users\qriga\documents\github\fractalengine\x64\debug\imgui_impl_glfw.obj
c:\users\qriga\documents\github\fractalengine\x64\debug\imgui_draw.obj
c:\users\qriga\documents\github\fractalengine\x64\debug\imgui_demo.obj
c:\users\qriga\documents\github\fractalengine\x64\debug\imgui.obj
c:\users\qriga\documents\github\fractalengine\x64\debug\file.obj
c:\users\qriga\documents\github\fractalengine\x64\debug\editorwindow.obj
c:\users\qriga\documents\github\fractalengine\x64\debug\editorsynctool.obj
c:\users\qriga\documents\github\fractalengine\x64\debug\editoride.obj
c:\users\qriga\documents\github\fractalengine\x64\debug\fractalengine.ilk
c:\users\qriga\documents\github\fractalengine\x64\debug\fractalengine.exe
c:\users\qriga\documents\github\fractalengine\x64\debug\fractalengine.pdb
c:\users\qriga\documents\github\fractalengine\x64\debug\fractalengine.tlog\cl.command.1.tlog
c:\users\qriga\documents\github\fractalengine\x64\debug\fractalengine.tlog\cl.items.tlog
c:\users\qriga\documents\github\fractalengine\x64\debug\fractalengine.tlog\cl.read.1.tlog
c:\users\qriga\documents\github\fractalengine\x64\debug\fractalengine.tlog\cl.write.1.tlog
c:\users\qriga\documents\github\fractalengine\x64\debug\fractalengine.tlog\link.command.1.tlog
c:\users\qriga\documents\github\fractalengine\x64\debug\fractalengine.tlog\link.read.1.tlog
c:\users\qriga\documents\github\fractalengine\x64\debug\fractalengine.tlog\link.write.1.tlog
